{"uuid":"4f97d864-ccd6-4df4-9350-ea1c7bde4e26","historyId":"4e5fbff96c3c92473e3d26b5b7ab6ef2","testCaseId":"[engine:junit-jupiter]/[class:com.example.MainPageTest]/[method:search()]","testCaseName":"search()","fullName":"com.example.MainPageTest.search","labels":[{"name":"junit.platform.uniqueid","value":"[engine:junit-jupiter]/[class:com.example.MainPageTest]/[method:search()]"},{"name":"host","value":"Karens-MacBook-Pro.local"},{"name":"thread","value":"26267@Karens-MacBook-Pro.local.main(1)"},{"name":"framework","value":"junit-platform"},{"name":"language","value":"java"},{"name":"package","value":"com.example.MainPageTest"},{"name":"testClass","value":"com.example.MainPageTest"},{"name":"testMethod","value":"search"},{"name":"suite","value":"com.example.MainPageTest"}],"links":[],"name":"search()","status":"failed","statusDetails":{"known":false,"muted":false,"flaky":false,"message":"Invalid element state [[data-test='site-header-search-action']]: element click intercepted: Element <button data-test=\"site-header-search-action\" aria-label=\"Open search\" type=\"button\" class=\"_main_1uycb5t_17 _modeClear_1uycb5t_479 _sizeS_1uycb5t_93 _alignIconLeft_1uycb5t_78 _dark_1uycb5t_62 _withIcon_1uycb5t_145 _withoutText_1uycb5t_139 _siteHeaderAction_niymdg_1\">...</button> is not clickable at point (1107, 36). Other element would receive the click: <div data-nosnippet=\"\" class=\"jetbrains-cookies-backdrop\"></div>\nScreenshot: file:/Users/karenmirzoyan/AquaProjects/New/build/reports/tests/1733230102890.0.png\nPage source: file:/Users/karenmirzoyan/AquaProjects/New/build/reports/tests/1733230102890.0.html\nTimeout: 4 s.\nCaused by: ElementClickInterceptedException: element click intercepted: Element <button data-test=\"site-header-search-action\" aria-label=\"Open search\" type=\"button\" class=\"_main_1uycb5t_17 _modeClear_1uycb5t_479 _sizeS_1uycb5t_93 _alignIconLeft_1uycb5t_78 _dark_1uycb5t_62 _withIcon_1uycb5t_145 _withoutText_1uycb5t_139 _siteHeaderAction_niymdg_1\">...</button> is not clickable at point (1107, 36). Other element would receive the click: <div data-nosnippet=\"\" class=\"jetbrains-cookies-backdrop\"></div>","trace":"Invalid element state [[data-test='site-header-search-action']]: element click intercepted: Element <button data-test=\"site-header-search-action\" aria-label=\"Open search\" type=\"button\" class=\"_main_1uycb5t_17 _modeClear_1uycb5t_479 _sizeS_1uycb5t_93 _alignIconLeft_1uycb5t_78 _dark_1uycb5t_62 _withIcon_1uycb5t_145 _withoutText_1uycb5t_139 _siteHeaderAction_niymdg_1\">...</button> is not clickable at point (1107, 36). Other element would receive the click: <div data-nosnippet=\"\" class=\"jetbrains-cookies-backdrop\"></div>\nScreenshot: file:/Users/karenmirzoyan/AquaProjects/New/build/reports/tests/1733230102890.0.png\nPage source: file:/Users/karenmirzoyan/AquaProjects/New/build/reports/tests/1733230102890.0.html\nTimeout: 4 s.\nCaused by: ElementClickInterceptedException: element click intercepted: Element <button data-test=\"site-header-search-action\" aria-label=\"Open search\" type=\"button\" class=\"_main_1uycb5t_17 _modeClear_1uycb5t_479 _sizeS_1uycb5t_93 _alignIconLeft_1uycb5t_78 _dark_1uycb5t_62 _withIcon_1uycb5t_145 _withoutText_1uycb5t_139 _siteHeaderAction_niymdg_1\">...</button> is not clickable at point (1107, 36). Other element would receive the click: <div data-nosnippet=\"\" class=\"jetbrains-cookies-backdrop\"></div>\n\tat com.codeborne.selenide.impl.ExceptionWrapper.wrap(ExceptionWrapper.java:26)\n\tat com.codeborne.selenide.impl.SelenideElementProxy.dispatchAndRetry(SelenideElementProxy.java:156)\n\tat com.codeborne.selenide.impl.SelenideElementProxy.invoke(SelenideElementProxy.java:86)\n\tat jdk.proxy2/jdk.proxy2.$Proxy10.click(Unknown Source)\n\tat com.example.MainPageTest.search(MainPageTest.java:33)\n\tat java.base/jdk.internal.reflect.DirectMethodHandleAccessor.invoke(DirectMethodHandleAccessor.java:103)\n\tat java.base/java.lang.reflect.Method.invoke(Method.java:580)\n\tat org.junit.platform.commons.util.ReflectionUtils.invokeMethod(ReflectionUtils.java:728)\n\tat org.junit.jupiter.engine.execution.MethodInvocation.proceed(MethodInvocation.java:60)\n\tat org.junit.jupiter.engine.execution.InvocationInterceptorChain$ValidatingInvocation.proceed(InvocationInterceptorChain.java:131)\n\tat org.junit.jupiter.engine.extension.TimeoutExtension.intercept(TimeoutExtension.java:156)\n\tat org.junit.jupiter.engine.extension.TimeoutExtension.interceptTestableMethod(TimeoutExtension.java:147)\n\tat org.junit.jupiter.engine.extension.TimeoutExtension.interceptTestMethod(TimeoutExtension.java:86)\n\tat org.junit.jupiter.engine.execution.InterceptingExecutableInvoker$ReflectiveInterceptorCall.lambda$ofVoidMethod$0(InterceptingExecutableInvoker.java:103)\n\tat org.junit.jupiter.engine.execution.InterceptingExecutableInvoker.lambda$invoke$0(InterceptingExecutableInvoker.java:93)\n\tat org.junit.jupiter.engine.execution.InvocationInterceptorChain$InterceptedInvocation.proceed(InvocationInterceptorChain.java:106)\n\tat org.junit.jupiter.engine.execution.InvocationInterceptorChain.proceed(InvocationInterceptorChain.java:64)\n\tat org.junit.jupiter.engine.execution.InvocationInterceptorChain.chainAndInvoke(InvocationInterceptorChain.java:45)\n\tat org.junit.jupiter.engine.execution.InvocationInterceptorChain.invoke(InvocationInterceptorChain.java:37)\n\tat org.junit.jupiter.engine.execution.InterceptingExecutableInvoker.invoke(InterceptingExecutableInvoker.java:92)\n\tat org.junit.jupiter.engine.execution.InterceptingExecutableInvoker.invoke(InterceptingExecutableInvoker.java:86)\n\tat org.junit.jupiter.engine.descriptor.TestMethodTestDescriptor.lambda$invokeTestMethod$7(TestMethodTestDescriptor.java:218)\n\tat org.junit.platform.engine.support.hierarchical.ThrowableCollector.execute(ThrowableCollector.java:73)\n\tat org.junit.jupiter.engine.descriptor.TestMethodTestDescriptor.invokeTestMethod(TestMethodTestDescriptor.java:214)\n\tat org.junit.jupiter.engine.descriptor.TestMethodTestDescriptor.execute(TestMethodTestDescriptor.java:139)\n\tat org.junit.jupiter.engine.descriptor.TestMethodTestDescriptor.execute(TestMethodTestDescriptor.java:69)\n\tat org.junit.platform.engine.support.hierarchical.NodeTestTask.lambda$executeRecursively$6(NodeTestTask.java:151)\n\tat org.junit.platform.engine.support.hierarchical.ThrowableCollector.execute(ThrowableCollector.java:73)\n\tat org.junit.platform.engine.support.hierarchical.NodeTestTask.lambda$executeRecursively$8(NodeTestTask.java:141)\n\tat org.junit.platform.engine.support.hierarchical.Node.around(Node.java:137)\n\tat org.junit.platform.engine.support.hierarchical.NodeTestTask.lambda$executeRecursively$9(NodeTestTask.java:139)\n\tat org.junit.platform.engine.support.hierarchical.ThrowableCollector.execute(ThrowableCollector.java:73)\n\tat org.junit.platform.engine.support.hierarchical.NodeTestTask.executeRecursively(NodeTestTask.java:138)\n\tat org.junit.platform.engine.support.hierarchical.NodeTestTask.execute(NodeTestTask.java:95)\n\tat java.base/java.util.ArrayList.forEach(ArrayList.java:1597)\n\tat org.junit.platform.engine.support.hierarchical.SameThreadHierarchicalTestExecutorService.invokeAll(SameThreadHierarchicalTestExecutorService.java:41)\n\tat org.junit.platform.engine.support.hierarchical.NodeTestTask.lambda$executeRecursively$6(NodeTestTask.java:155)\n\tat org.junit.platform.engine.support.hierarchical.ThrowableCollector.execute(ThrowableCollector.java:73)\n\tat org.junit.platform.engine.support.hierarchical.NodeTestTask.lambda$executeRecursively$8(NodeTestTask.java:141)\n\tat org.junit.platform.engine.support.hierarchical.Node.around(Node.java:137)\n\tat org.junit.platform.engine.support.hierarchical.NodeTestTask.lambda$executeRecursively$9(NodeTestTask.java:139)\n\tat org.junit.platform.engine.support.hierarchical.ThrowableCollector.execute(ThrowableCollector.java:73)\n\tat org.junit.platform.engine.support.hierarchical.NodeTestTask.executeRecursively(NodeTestTask.java:138)\n\tat org.junit.platform.engine.support.hierarchical.NodeTestTask.execute(NodeTestTask.java:95)\n\tat java.base/java.util.ArrayList.forEach(ArrayList.java:1597)\n\tat org.junit.platform.engine.support.hierarchical.SameThreadHierarchicalTestExecutorService.invokeAll(SameThreadHierarchicalTestExecutorService.java:41)\n\tat org.junit.platform.engine.support.hierarchical.NodeTestTask.lambda$executeRecursively$6(NodeTestTask.java:155)\n\tat org.junit.platform.engine.support.hierarchical.ThrowableCollector.execute(ThrowableCollector.java:73)\n\tat org.junit.platform.engine.support.hierarchical.NodeTestTask.lambda$executeRecursively$8(NodeTestTask.java:141)\n\tat org.junit.platform.engine.support.hierarchical.Node.around(Node.java:137)\n\tat org.junit.platform.engine.support.hierarchical.NodeTestTask.lambda$executeRecursively$9(NodeTestTask.java:139)\n\tat org.junit.platform.engine.support.hierarchical.ThrowableCollector.execute(ThrowableCollector.java:73)\n\tat org.junit.platform.engine.support.hierarchical.NodeTestTask.executeRecursively(NodeTestTask.java:138)\n\tat org.junit.platform.engine.support.hierarchical.NodeTestTask.execute(NodeTestTask.java:95)\n\tat org.junit.platform.engine.support.hierarchical.SameThreadHierarchicalTestExecutorService.submit(SameThreadHierarchicalTestExecutorService.java:35)\n\tat org.junit.platform.engine.support.hierarchical.HierarchicalTestExecutor.execute(HierarchicalTestExecutor.java:57)\n\tat org.junit.platform.engine.support.hierarchical.HierarchicalTestEngine.execute(HierarchicalTestEngine.java:54)\n\tat org.junit.platform.launcher.core.EngineExecutionOrchestrator.execute(EngineExecutionOrchestrator.java:147)\n\tat org.junit.platform.launcher.core.EngineExecutionOrchestrator.execute(EngineExecutionOrchestrator.java:127)\n\tat org.junit.platform.launcher.core.EngineExecutionOrchestrator.execute(EngineExecutionOrchestrator.java:90)\n\tat org.junit.platform.launcher.core.EngineExecutionOrchestrator.lambda$execute$0(EngineExecutionOrchestrator.java:55)\n\tat org.junit.platform.launcher.core.EngineExecutionOrchestrator.withInterceptedStreams(EngineExecutionOrchestrator.java:102)\n\tat org.junit.platform.launcher.core.EngineExecutionOrchestrator.execute(EngineExecutionOrchestrator.java:54)\n\tat org.junit.platform.launcher.core.DefaultLauncher.execute(DefaultLauncher.java:114)\n\tat org.junit.platform.launcher.core.DefaultLauncher.execute(DefaultLauncher.java:86)\n\tat org.junit.platform.launcher.core.DefaultLauncherSession$DelegatingLauncher.execute(DefaultLauncherSession.java:86)\n\tat org.junit.platform.launcher.core.SessionPerRequestLauncher.execute(SessionPerRequestLauncher.java:53)\n\tat com.intellij.junit5.JUnit5IdeaTestRunner.startRunnerWithArgs(JUnit5IdeaTestRunner.java:57)\n\tat com.intellij.rt.junit.IdeaTestRunner$Repeater$1.execute(IdeaTestRunner.java:38)\n\tat com.intellij.rt.execution.junit.TestsRepeater.repeat(TestsRepeater.java:11)\n\tat com.intellij.rt.junit.IdeaTestRunner$Repeater.startRunnerWithArgs(IdeaTestRunner.java:35)\n\tat com.intellij.rt.junit.JUnitStarter.prepareStreamsAndStart(JUnitStarter.java:232)\n\tat com.intellij.rt.junit.JUnitStarter.main(JUnitStarter.java:55)\nCaused by: org.openqa.selenium.ElementClickInterceptedException: element click intercepted: Element <button data-test=\"site-header-search-action\" aria-label=\"Open search\" type=\"button\" class=\"_main_1uycb5t_17 _modeClear_1uycb5t_479 _sizeS_1uycb5t_93 _alignIconLeft_1uycb5t_78 _dark_1uycb5t_62 _withIcon_1uycb5t_145 _withoutText_1uycb5t_139 _siteHeaderAction_niymdg_1\">...</button> is not clickable at point (1107, 36). Other element would receive the click: <div data-nosnippet=\"\" class=\"jetbrains-cookies-backdrop\"></div>\n  (Session info: chrome=131.0.6778.86)\nBuild info: version: '4.19.1', revision: 'abe0ee07dc'\nSystem info: os.name: 'Mac OS X', os.arch: 'x86_64', os.version: '15.1.1', java.version: '23'\nDriver info: org.openqa.selenium.chrome.ChromeDriver\nCommand: [e5a9b4edd1523b6e28df5ac2a3c9e366, clickElement {id=f.43ECE5C41C23AC7558D3CB538853FE42.d.ABF075ACECBBCFD41A3FBC25CE63F5C3.e.2051}]\nCapabilities {acceptInsecureCerts: true, browserName: chrome, browserVersion: 131.0.6778.86, chrome: {chromedriverVersion: 131.0.6778.85 (3d81e41b6f3a..., userDataDir: /var/folders/gv/f_chqx4n55s...}, fedcm:accounts: true, goog:chromeOptions: {debuggerAddress: localhost:49681}, networkConnectionEnabled: false, pageLoadStrategy: normal, platformName: mac, proxy: Proxy(), se:cdp: ws://localhost:49681/devtoo..., se:cdpVersion: 131.0.6778.86, setWindowRect: true, strictFileInteractability: false, timeouts: {implicit: 0, pageLoad: 300000, script: 30000}, unhandledPromptBehavior: accept, webauthn:extension:credBlob: true, webauthn:extension:largeBlob: true, webauthn:extension:minPinLength: true, webauthn:extension:prf: true, webauthn:virtualAuthenticators: true}\nElement: [[ChromeDriver: chrome on mac (e5a9b4edd1523b6e28df5ac2a3c9e366)] -> css selector: [data-test='site-header-search-action']]\nSession ID: e5a9b4edd1523b6e28df5ac2a3c9e366\n\tat java.base/jdk.internal.reflect.DirectConstructorHandleAccessor.newInstance(DirectConstructorHandleAccessor.java:62)\n\tat java.base/java.lang.reflect.Constructor.newInstanceWithCaller(Constructor.java:501)\n\tat java.base/java.lang.reflect.Constructor.newInstance(Constructor.java:485)\n\tat org.openqa.selenium.remote.ErrorCodec.decode(ErrorCodec.java:167)\n\tat org.openqa.selenium.remote.codec.w3c.W3CHttpResponseCodec.decode(W3CHttpResponseCodec.java:138)\n\tat org.openqa.selenium.remote.codec.w3c.W3CHttpResponseCodec.decode(W3CHttpResponseCodec.java:50)\n\tat org.openqa.selenium.remote.HttpCommandExecutor.execute(HttpCommandExecutor.java:190)\n\tat org.openqa.selenium.remote.service.DriverCommandExecutor.invokeExecute(DriverCommandExecutor.java:216)\n\tat org.openqa.selenium.remote.service.DriverCommandExecutor.execute(DriverCommandExecutor.java:174)\n\tat org.openqa.selenium.remote.RemoteWebDriver.execute(RemoteWebDriver.java:518)\n\tat org.openqa.selenium.remote.RemoteWebElement.execute(RemoteWebElement.java:223)\n\tat org.openqa.selenium.remote.RemoteWebElement.click(RemoteWebElement.java:76)\n\tat com.codeborne.selenide.commands.Click.defaultClick(Click.java:106)\n\tat com.codeborne.selenide.commands.Click.doClick(Click.java:83)\n\tat com.codeborne.selenide.commands.Click.click(Click.java:59)\n\tat com.codeborne.selenide.commands.Click.execute(Click.java:34)\n\tat com.codeborne.selenide.commands.Click.execute(Click.java:26)\n\tat com.codeborne.selenide.commands.Commands.execute(Commands.java:162)\n\tat com.codeborne.selenide.impl.SelenideElementProxy.dispatchAndRetry(SelenideElementProxy.java:134)\n\t... 71 more\n"},"stage":"finished","description":"","steps":[{"name":"$(\"open\") https://www.jetbrains.com/","status":"passed","stage":"finished","steps":[{"name":"$(\"webdriver\") create()","status":"passed","stage":"finished","steps":[],"attachments":[],"parameters":[],"start":1733230093656,"stop":1733230097088}],"attachments":[],"parameters":[],"start":1733230093645,"stop":1733230098724},{"name":"$(\"[data-test='site-header-search-action']\") click()","status":"failed","statusDetails":{"known":false,"muted":false,"flaky":false,"message":"Invalid element state [[data-test='site-header-search-action']]: element click intercepted: Element <button data-test=\"site-header-search-action\" aria-label=\"Open search\" type=\"button\" class=\"_main_1uycb5t_17 _modeClear_1uycb5t_479 _sizeS_1uycb5t_93 _alignIconLeft_1uycb5t_78 _dark_1uycb5t_62 _withIcon_1uycb5t_145 _withoutText_1uycb5t_139 _siteHeaderAction_niymdg_1\">...</button> is not clickable at point (1107, 36). Other element would receive the click: <div data-nosnippet=\"\" class=\"jetbrains-cookies-backdrop\"></div>\nScreenshot: file:/Users/karenmirzoyan/AquaProjects/New/build/reports/tests/1733230102890.0.png\nPage source: file:/Users/karenmirzoyan/AquaProjects/New/build/reports/tests/1733230102890.0.html\nTimeout: 4 s.\nCaused by: ElementClickInterceptedException: element click intercepted: Element <button data-test=\"site-header-search-action\" aria-label=\"Open search\" type=\"button\" class=\"_main_1uycb5t_17 _modeClear_1uycb5t_479 _sizeS_1uycb5t_93 _alignIconLeft_1uycb5t_78 _dark_1uycb5t_62 _withIcon_1uycb5t_145 _withoutText_1uycb5t_139 _siteHeaderAction_niymdg_1\">...</button> is not clickable at point (1107, 36). Other element would receive the click: <div data-nosnippet=\"\" class=\"jetbrains-cookies-backdrop\"></div>","trace":"Invalid element state [[data-test='site-header-search-action']]: element click intercepted: Element <button data-test=\"site-header-search-action\" aria-label=\"Open search\" type=\"button\" class=\"_main_1uycb5t_17 _modeClear_1uycb5t_479 _sizeS_1uycb5t_93 _alignIconLeft_1uycb5t_78 _dark_1uycb5t_62 _withIcon_1uycb5t_145 _withoutText_1uycb5t_139 _siteHeaderAction_niymdg_1\">...</button> is not clickable at point (1107, 36). Other element would receive the click: <div data-nosnippet=\"\" class=\"jetbrains-cookies-backdrop\"></div>\nScreenshot: file:/Users/karenmirzoyan/AquaProjects/New/build/reports/tests/1733230102890.0.png\nPage source: file:/Users/karenmirzoyan/AquaProjects/New/build/reports/tests/1733230102890.0.html\nTimeout: 4 s.\nCaused by: ElementClickInterceptedException: element click intercepted: Element <button data-test=\"site-header-search-action\" aria-label=\"Open search\" type=\"button\" class=\"_main_1uycb5t_17 _modeClear_1uycb5t_479 _sizeS_1uycb5t_93 _alignIconLeft_1uycb5t_78 _dark_1uycb5t_62 _withIcon_1uycb5t_145 _withoutText_1uycb5t_139 _siteHeaderAction_niymdg_1\">...</button> is not clickable at point (1107, 36). Other element would receive the click: <div data-nosnippet=\"\" class=\"jetbrains-cookies-backdrop\"></div>\n\tat com.codeborne.selenide.impl.ExceptionWrapper.wrap(ExceptionWrapper.java:26)\n\tat com.codeborne.selenide.impl.SelenideElementProxy.dispatchAndRetry(SelenideElementProxy.java:156)\n\tat com.codeborne.selenide.impl.SelenideElementProxy.invoke(SelenideElementProxy.java:86)\n\tat jdk.proxy2/jdk.proxy2.$Proxy10.click(Unknown Source)\n\tat com.example.MainPageTest.search(MainPageTest.java:33)\n\tat java.base/jdk.internal.reflect.DirectMethodHandleAccessor.invoke(DirectMethodHandleAccessor.java:103)\n\tat java.base/java.lang.reflect.Method.invoke(Method.java:580)\n\tat org.junit.platform.commons.util.ReflectionUtils.invokeMethod(ReflectionUtils.java:728)\n\tat org.junit.jupiter.engine.execution.MethodInvocation.proceed(MethodInvocation.java:60)\n\tat org.junit.jupiter.engine.execution.InvocationInterceptorChain$ValidatingInvocation.proceed(InvocationInterceptorChain.java:131)\n\tat org.junit.jupiter.engine.extension.TimeoutExtension.intercept(TimeoutExtension.java:156)\n\tat org.junit.jupiter.engine.extension.TimeoutExtension.interceptTestableMethod(TimeoutExtension.java:147)\n\tat org.junit.jupiter.engine.extension.TimeoutExtension.interceptTestMethod(TimeoutExtension.java:86)\n\tat org.junit.jupiter.engine.execution.InterceptingExecutableInvoker$ReflectiveInterceptorCall.lambda$ofVoidMethod$0(InterceptingExecutableInvoker.java:103)\n\tat org.junit.jupiter.engine.execution.InterceptingExecutableInvoker.lambda$invoke$0(InterceptingExecutableInvoker.java:93)\n\tat org.junit.jupiter.engine.execution.InvocationInterceptorChain$InterceptedInvocation.proceed(InvocationInterceptorChain.java:106)\n\tat org.junit.jupiter.engine.execution.InvocationInterceptorChain.proceed(InvocationInterceptorChain.java:64)\n\tat org.junit.jupiter.engine.execution.InvocationInterceptorChain.chainAndInvoke(InvocationInterceptorChain.java:45)\n\tat org.junit.jupiter.engine.execution.InvocationInterceptorChain.invoke(InvocationInterceptorChain.java:37)\n\tat org.junit.jupiter.engine.execution.InterceptingExecutableInvoker.invoke(InterceptingExecutableInvoker.java:92)\n\tat org.junit.jupiter.engine.execution.InterceptingExecutableInvoker.invoke(InterceptingExecutableInvoker.java:86)\n\tat org.junit.jupiter.engine.descriptor.TestMethodTestDescriptor.lambda$invokeTestMethod$7(TestMethodTestDescriptor.java:218)\n\tat org.junit.platform.engine.support.hierarchical.ThrowableCollector.execute(ThrowableCollector.java:73)\n\tat org.junit.jupiter.engine.descriptor.TestMethodTestDescriptor.invokeTestMethod(TestMethodTestDescriptor.java:214)\n\tat org.junit.jupiter.engine.descriptor.TestMethodTestDescriptor.execute(TestMethodTestDescriptor.java:139)\n\tat org.junit.jupiter.engine.descriptor.TestMethodTestDescriptor.execute(TestMethodTestDescriptor.java:69)\n\tat org.junit.platform.engine.support.hierarchical.NodeTestTask.lambda$executeRecursively$6(NodeTestTask.java:151)\n\tat org.junit.platform.engine.support.hierarchical.ThrowableCollector.execute(ThrowableCollector.java:73)\n\tat org.junit.platform.engine.support.hierarchical.NodeTestTask.lambda$executeRecursively$8(NodeTestTask.java:141)\n\tat org.junit.platform.engine.support.hierarchical.Node.around(Node.java:137)\n\tat org.junit.platform.engine.support.hierarchical.NodeTestTask.lambda$executeRecursively$9(NodeTestTask.java:139)\n\tat org.junit.platform.engine.support.hierarchical.ThrowableCollector.execute(ThrowableCollector.java:73)\n\tat org.junit.platform.engine.support.hierarchical.NodeTestTask.executeRecursively(NodeTestTask.java:138)\n\tat org.junit.platform.engine.support.hierarchical.NodeTestTask.execute(NodeTestTask.java:95)\n\tat java.base/java.util.ArrayList.forEach(ArrayList.java:1597)\n\tat org.junit.platform.engine.support.hierarchical.SameThreadHierarchicalTestExecutorService.invokeAll(SameThreadHierarchicalTestExecutorService.java:41)\n\tat org.junit.platform.engine.support.hierarchical.NodeTestTask.lambda$executeRecursively$6(NodeTestTask.java:155)\n\tat org.junit.platform.engine.support.hierarchical.ThrowableCollector.execute(ThrowableCollector.java:73)\n\tat org.junit.platform.engine.support.hierarchical.NodeTestTask.lambda$executeRecursively$8(NodeTestTask.java:141)\n\tat org.junit.platform.engine.support.hierarchical.Node.around(Node.java:137)\n\tat org.junit.platform.engine.support.hierarchical.NodeTestTask.lambda$executeRecursively$9(NodeTestTask.java:139)\n\tat org.junit.platform.engine.support.hierarchical.ThrowableCollector.execute(ThrowableCollector.java:73)\n\tat org.junit.platform.engine.support.hierarchical.NodeTestTask.executeRecursively(NodeTestTask.java:138)\n\tat org.junit.platform.engine.support.hierarchical.NodeTestTask.execute(NodeTestTask.java:95)\n\tat java.base/java.util.ArrayList.forEach(ArrayList.java:1597)\n\tat org.junit.platform.engine.support.hierarchical.SameThreadHierarchicalTestExecutorService.invokeAll(SameThreadHierarchicalTestExecutorService.java:41)\n\tat org.junit.platform.engine.support.hierarchical.NodeTestTask.lambda$executeRecursively$6(NodeTestTask.java:155)\n\tat org.junit.platform.engine.support.hierarchical.ThrowableCollector.execute(ThrowableCollector.java:73)\n\tat org.junit.platform.engine.support.hierarchical.NodeTestTask.lambda$executeRecursively$8(NodeTestTask.java:141)\n\tat org.junit.platform.engine.support.hierarchical.Node.around(Node.java:137)\n\tat org.junit.platform.engine.support.hierarchical.NodeTestTask.lambda$executeRecursively$9(NodeTestTask.java:139)\n\tat org.junit.platform.engine.support.hierarchical.ThrowableCollector.execute(ThrowableCollector.java:73)\n\tat org.junit.platform.engine.support.hierarchical.NodeTestTask.executeRecursively(NodeTestTask.java:138)\n\tat org.junit.platform.engine.support.hierarchical.NodeTestTask.execute(NodeTestTask.java:95)\n\tat org.junit.platform.engine.support.hierarchical.SameThreadHierarchicalTestExecutorService.submit(SameThreadHierarchicalTestExecutorService.java:35)\n\tat org.junit.platform.engine.support.hierarchical.HierarchicalTestExecutor.execute(HierarchicalTestExecutor.java:57)\n\tat org.junit.platform.engine.support.hierarchical.HierarchicalTestEngine.execute(HierarchicalTestEngine.java:54)\n\tat org.junit.platform.launcher.core.EngineExecutionOrchestrator.execute(EngineExecutionOrchestrator.java:147)\n\tat org.junit.platform.launcher.core.EngineExecutionOrchestrator.execute(EngineExecutionOrchestrator.java:127)\n\tat org.junit.platform.launcher.core.EngineExecutionOrchestrator.execute(EngineExecutionOrchestrator.java:90)\n\tat org.junit.platform.launcher.core.EngineExecutionOrchestrator.lambda$execute$0(EngineExecutionOrchestrator.java:55)\n\tat org.junit.platform.launcher.core.EngineExecutionOrchestrator.withInterceptedStreams(EngineExecutionOrchestrator.java:102)\n\tat org.junit.platform.launcher.core.EngineExecutionOrchestrator.execute(EngineExecutionOrchestrator.java:54)\n\tat org.junit.platform.launcher.core.DefaultLauncher.execute(DefaultLauncher.java:114)\n\tat org.junit.platform.launcher.core.DefaultLauncher.execute(DefaultLauncher.java:86)\n\tat org.junit.platform.launcher.core.DefaultLauncherSession$DelegatingLauncher.execute(DefaultLauncherSession.java:86)\n\tat org.junit.platform.launcher.core.SessionPerRequestLauncher.execute(SessionPerRequestLauncher.java:53)\n\tat com.intellij.junit5.JUnit5IdeaTestRunner.startRunnerWithArgs(JUnit5IdeaTestRunner.java:57)\n\tat com.intellij.rt.junit.IdeaTestRunner$Repeater$1.execute(IdeaTestRunner.java:38)\n\tat com.intellij.rt.execution.junit.TestsRepeater.repeat(TestsRepeater.java:11)\n\tat com.intellij.rt.junit.IdeaTestRunner$Repeater.startRunnerWithArgs(IdeaTestRunner.java:35)\n\tat com.intellij.rt.junit.JUnitStarter.prepareStreamsAndStart(JUnitStarter.java:232)\n\tat com.intellij.rt.junit.JUnitStarter.main(JUnitStarter.java:55)\nCaused by: org.openqa.selenium.ElementClickInterceptedException: element click intercepted: Element <button data-test=\"site-header-search-action\" aria-label=\"Open search\" type=\"button\" class=\"_main_1uycb5t_17 _modeClear_1uycb5t_479 _sizeS_1uycb5t_93 _alignIconLeft_1uycb5t_78 _dark_1uycb5t_62 _withIcon_1uycb5t_145 _withoutText_1uycb5t_139 _siteHeaderAction_niymdg_1\">...</button> is not clickable at point (1107, 36). Other element would receive the click: <div data-nosnippet=\"\" class=\"jetbrains-cookies-backdrop\"></div>\n  (Session info: chrome=131.0.6778.86)\nBuild info: version: '4.19.1', revision: 'abe0ee07dc'\nSystem info: os.name: 'Mac OS X', os.arch: 'x86_64', os.version: '15.1.1', java.version: '23'\nDriver info: org.openqa.selenium.chrome.ChromeDriver\nCommand: [e5a9b4edd1523b6e28df5ac2a3c9e366, clickElement {id=f.43ECE5C41C23AC7558D3CB538853FE42.d.ABF075ACECBBCFD41A3FBC25CE63F5C3.e.2051}]\nCapabilities {acceptInsecureCerts: true, browserName: chrome, browserVersion: 131.0.6778.86, chrome: {chromedriverVersion: 131.0.6778.85 (3d81e41b6f3a..., userDataDir: /var/folders/gv/f_chqx4n55s...}, fedcm:accounts: true, goog:chromeOptions: {debuggerAddress: localhost:49681}, networkConnectionEnabled: false, pageLoadStrategy: normal, platformName: mac, proxy: Proxy(), se:cdp: ws://localhost:49681/devtoo..., se:cdpVersion: 131.0.6778.86, setWindowRect: true, strictFileInteractability: false, timeouts: {implicit: 0, pageLoad: 300000, script: 30000}, unhandledPromptBehavior: accept, webauthn:extension:credBlob: true, webauthn:extension:largeBlob: true, webauthn:extension:minPinLength: true, webauthn:extension:prf: true, webauthn:virtualAuthenticators: true}\nElement: [[ChromeDriver: chrome on mac (e5a9b4edd1523b6e28df5ac2a3c9e366)] -> css selector: [data-test='site-header-search-action']]\nSession ID: e5a9b4edd1523b6e28df5ac2a3c9e366\n\tat java.base/jdk.internal.reflect.DirectConstructorHandleAccessor.newInstance(DirectConstructorHandleAccessor.java:62)\n\tat java.base/java.lang.reflect.Constructor.newInstanceWithCaller(Constructor.java:501)\n\tat java.base/java.lang.reflect.Constructor.newInstance(Constructor.java:485)\n\tat org.openqa.selenium.remote.ErrorCodec.decode(ErrorCodec.java:167)\n\tat org.openqa.selenium.remote.codec.w3c.W3CHttpResponseCodec.decode(W3CHttpResponseCodec.java:138)\n\tat org.openqa.selenium.remote.codec.w3c.W3CHttpResponseCodec.decode(W3CHttpResponseCodec.java:50)\n\tat org.openqa.selenium.remote.HttpCommandExecutor.execute(HttpCommandExecutor.java:190)\n\tat org.openqa.selenium.remote.service.DriverCommandExecutor.invokeExecute(DriverCommandExecutor.java:216)\n\tat org.openqa.selenium.remote.service.DriverCommandExecutor.execute(DriverCommandExecutor.java:174)\n\tat org.openqa.selenium.remote.RemoteWebDriver.execute(RemoteWebDriver.java:518)\n\tat org.openqa.selenium.remote.RemoteWebElement.execute(RemoteWebElement.java:223)\n\tat org.openqa.selenium.remote.RemoteWebElement.click(RemoteWebElement.java:76)\n\tat com.codeborne.selenide.commands.Click.defaultClick(Click.java:106)\n\tat com.codeborne.selenide.commands.Click.doClick(Click.java:83)\n\tat com.codeborne.selenide.commands.Click.click(Click.java:59)\n\tat com.codeborne.selenide.commands.Click.execute(Click.java:34)\n\tat com.codeborne.selenide.commands.Click.execute(Click.java:26)\n\tat com.codeborne.selenide.commands.Commands.execute(Commands.java:162)\n\tat com.codeborne.selenide.impl.SelenideElementProxy.dispatchAndRetry(SelenideElementProxy.java:134)\n\t... 71 more\n"},"stage":"finished","steps":[],"attachments":[{"name":"Screenshot","source":"a6429af4-e4d0-4cfc-906d-4d8a3763eaa7-attachment.png","type":"image/png"},{"name":"Page source","source":"9eee515c-8f95-4294-bbdb-4731118d3a53-attachment.html","type":"text/html"}],"parameters":[],"start":1733230098730,"stop":1733230103962}],"attachments":[],"parameters":[],"start":1733230093631,"stop":1733230103978}